<?xml version="1.0" encoding="UTF-8" ?>
<testsuite tests="1" failures="1" name="InputAndOutputStreamTest" time="0.029" errors="0" skipped="0">
  <properties>
    <property name="idea.version" value="2021.3.2"/>
    <property name="java.runtime.name" value="OpenJDK Runtime Environment"/>
    <property name="java.vm.version" value="16.0.1+9-Ubuntu-120.04"/>
    <property name="sun.boot.library.path" value="/usr/lib/jvm/java-16-openjdk-amd64/lib"/>
    <property name="maven.multiModuleProjectDirectory" value="/home/mesa/IdeaProjects/java07"/>
    <property name="java.vm.vendor" value="Private Build"/>
    <property name="java.vendor.url" value="Unknown"/>
    <property name="guice.disable.misplaced.annotation.check" value="true"/>
    <property name="path.separator" value=":"/>
    <property name="java.vm.name" value="OpenJDK 64-Bit Server VM"/>
    <property name="user.country" value="US"/>
    <property name="sun.java.launcher" value="SUN_STANDARD"/>
    <property name="java.vm.specification.name" value="Java Virtual Machine Specification"/>
    <property name="user.dir" value="/home/mesa/IdeaProjects/java07"/>
    <property name="java.vm.compressedOopsMode" value="32-bit"/>
    <property name="java.runtime.version" value="16.0.1+9-Ubuntu-120.04"/>
    <property name="os.arch" value="amd64"/>
    <property name="java.io.tmpdir" value="/tmp"/>
    <property name="line.separator" value="
"/>
    <property name="java.vm.specification.vendor" value="Oracle Corporation"/>
    <property name="os.name" value="Linux"/>
    <property name="maven.ext.class.path" value="/home/mesa/Idea/idea-IC-213.6777.52/plugins/maven/lib/maven-event-listener.jar"/>
    <property name="classworlds.conf" value="/home/mesa/Idea/idea-IC-213.6777.52/plugins/maven/lib/maven3/bin/m2.conf"/>
    <property name="sun.jnu.encoding" value="UTF-8"/>
    <property name="java.library.path" value="/usr/java/packages/lib:/usr/lib/x86_64-linux-gnu/jni:/lib/x86_64-linux-gnu:/usr/lib/x86_64-linux-gnu:/usr/lib/jni:/lib:/usr/lib"/>
    <property name="maven.conf" value="/home/mesa/Idea/idea-IC-213.6777.52/plugins/maven/lib/maven3/conf"/>
    <property name="jdk.debug" value="release"/>
    <property name="java.class.version" value="60.0"/>
    <property name="java.specification.name" value="Java Platform API Specification"/>
    <property name="sun.management.compiler" value="HotSpot 64-Bit Tiered Compilers"/>
    <property name="os.version" value="5.4.0-110-generic"/>
    <property name="user.home" value="/home/mesa"/>
    <property name="user.timezone" value="Asia/Omsk"/>
    <property name="file.encoding" value="UTF-8"/>
    <property name="java.specification.version" value="16"/>
    <property name="user.name" value="mesa"/>
    <property name="java.class.path" value="/home/mesa/Idea/idea-IC-213.6777.52/plugins/maven/lib/maven3/boot/plexus-classworlds.license:/home/mesa/Idea/idea-IC-213.6777.52/plugins/maven/lib/maven3/boot/plexus-classworlds-2.6.0.jar"/>
    <property name="java.vm.specification.version" value="16"/>
    <property name="sun.arch.data.model" value="64"/>
    <property name="sun.java.command" value="org.codehaus.classworlds.Launcher -Didea.version=2021.3.2 test"/>
    <property name="java.home" value="/usr/lib/jvm/java-16-openjdk-amd64"/>
    <property name="user.language" value="en"/>
    <property name="java.specification.vendor" value="Oracle Corporation"/>
    <property name="java.vm.info" value="mixed mode, sharing"/>
    <property name="java.version" value="16.0.1"/>
    <property name="securerandom.source" value="file:/dev/./urandom"/>
    <property name="java.vendor" value="Private Build"/>
    <property name="maven.home" value="/home/mesa/Idea/idea-IC-213.6777.52/plugins/maven/lib/maven3"/>
    <property name="file.separator" value="/"/>
    <property name="java.version.date" value="2021-04-20"/>
    <property name="java.vendor.url.bug" value="Unknown"/>
    <property name="sun.io.unicode.encoding" value="UnicodeLittle"/>
    <property name="sun.cpu.endian" value="little"/>
  </properties>
  <testcase classname="InputAndOutputStreamTest" name="ReadInputStreamTest" time="0.029">
    <failure message="arrays first differed at element [0]; expected:&lt;1&gt; but was:&lt;0&gt;" type="arrays first differed at element [0]; expected">arrays first differed at element [0]; expected:&lt;1&gt; but was:&lt;0&gt;
	at org.testng.internal.junit.ComparisonCriteria.arrayEquals(ComparisonCriteria.java:43)
	at org.testng.internal.junit.ArrayAsserts.internalArrayEquals(ArrayAsserts.java:219)
	at org.testng.internal.junit.ArrayAsserts.assertArrayEquals(ArrayAsserts.java:119)
	at org.testng.internal.junit.ArrayAsserts.assertArrayEquals(ArrayAsserts.java:129)
	at InputAndOutputStreamTest.ReadInputStreamTest(InputAndOutputStreamTest.java:29)
</failure>
    <system-out>Configuring TestNG with: org.apache.maven.surefire.testng.conf.TestNG652Configurator@2ff5659e
</system-out>
    <system-err>SLF4J: Failed to load class &quot;org.slf4j.impl.StaticLoggerBinder&quot;.
SLF4J: Defaulting to no-operation (NOP) logger implementation
SLF4J: See http://www.slf4j.org/codes.html#StaticLoggerBinder for further details.
</system-err>
  </testcase>
</testsuite>