<?xml version="1.0" encoding="UTF-8"?>
<!-- Generated by org.testng.reporters.JUnitReportReporter -->
<testsuite hostname="mesa-PC" failures="0" tests="2" name="HouseServiceTest" time="0.154" errors="0" timestamp="2022-09-21T20:53:06 OMST" skipped="0">
  <testcase classname="HouseServiceTest" name="serialHouse" time="0.012"/>
  <system-out/>
  <testcase classname="HouseServiceTest" name="serialHouseJSON" time="0.142"/>
  <system-out/>
</testsuite> <!-- HouseServiceTest -->
