<?xml version="1.0" encoding="UTF-8"?>
<!-- Generated by org.testng.reporters.JUnitReportReporter -->
<testsuite hostname="mesa-PC" failures="0" tests="4" name="InputAndOutputStreamTest" time="0.007" errors="0" timestamp="2022-09-21T20:53:06 OMST" skipped="0">
  <testcase classname="InputAndOutputStreamTest" name="readStreamTest" time="0.002"/>
  <system-out/>
  <testcase classname="InputAndOutputStreamTest" name="testGetListOfFilesByTypeTest" time="0.003"/>
  <system-out/>
  <testcase classname="InputAndOutputStreamTest" name="readWriteBinaryTest" time="0.001"/>
  <system-out/>
  <testcase classname="InputAndOutputStreamTest" name="testWriteReadStream" time="0.001"/>
  <system-out/>
</testsuite> <!-- InputAndOutputStreamTest -->
